Using pre-set license
Built from '2020.3/staging' branch; Version is '2020.3.26f1 (7298b473bc1a) revision 7510196'; Using compiler version '192528614'; Build Type 'Release'
OS: 'Windows 10  (10.0.19045) 64bit Core' Language: 'en' Physical Memory: 16339 MB
BatchMode: 1, IsHumanControllingUs: 0, StartBugReporterOnCrash: 0, Is64bit: 1, IsPro: 0

COMMAND LINE ARGUMENTS:
D:\Unity\2020.3.26f1\Editor\Unity.exe
-adb2
-batchMode
-noUpm
-name
AssetImportWorker0
-projectPath
C:/Users/Reilly/Documents/GitHub/kart-racer/UnityKartingMicrogame
-logFile
Logs/AssetImportWorker0.log
-srvPort
53570
Successfully changed project path to: C:/Users/Reilly/Documents/GitHub/kart-racer/UnityKartingMicrogame
C:/Users/Reilly/Documents/GitHub/kart-racer/UnityKartingMicrogame
Using Asset Import Pipeline V2.
Refreshing native plugins compatible for Editor in 161.71 ms, found 3 plugins.
Preloading 0 native plugins for Editor in 0.00 ms.
Initialize engine version: 2020.3.26f1 (7298b473bc1a)
[Subsystems] Discovering subsystems at path D:/Unity/2020.3.26f1/Editor/Data/Resources/UnitySubsystems
[Subsystems] Discovering subsystems at path C:/Users/Reilly/Documents/GitHub/kart-racer/UnityKartingMicrogame/Assets
GfxDevice: creating device client; threaded=0
Direct3D:
    Version:  Direct3D 11.0 [level 11.1]
    Renderer: NVIDIA GeForce GTX 1050 (ID=0x1c81)
    Vendor:   
    VRAM:     1976 MB
    Driver:   31.0.15.2698
Initialize mono
Mono path[0] = 'D:/Unity/2020.3.26f1/Editor/Data/Managed'
Mono path[1] = 'D:/Unity/2020.3.26f1/Editor/Data/MonoBleedingEdge/lib/mono/unityjit'
Mono config path = 'D:/Unity/2020.3.26f1/Editor/Data/MonoBleedingEdge/etc'
Using monoOptions --debugger-agent=transport=dt_socket,embedding=1,server=y,suspend=n,address=127.0.0.1:56012
Begin MonoManager ReloadAssembly
Registering precompiled unity dll's ...
Register platform support module: D:/Unity/2020.3.26f1/Editor/Data/PlaybackEngines/MacStandaloneSupport/UnityEditor.OSXStandalone.Extensions.dll
Register platform support module: D:/Unity/2020.3.26f1/Editor/Data/PlaybackEngines/WindowsStandaloneSupport/UnityEditor.WindowsStandalone.Extensions.dll
Registered in 0.002219 seconds.
Native extension for WindowsStandalone target not found
Native extension for OSXStandalone target not found
Refreshing native plugins compatible for Editor in 100.71 ms, found 3 plugins.
Preloading 0 native plugins for Editor in 0.00 ms.
Mono: successfully reloaded assembly
- Completed reload, in  0.990 seconds
Domain Reload Profiling:
	ReloadAssembly (990ms)
		BeginReloadAssembly (125ms)
			ExecutionOrderSort (0ms)
			DisableScriptedObjects (0ms)
			BackupInstance (0ms)
			ReleaseScriptingObjects (0ms)
			CreateAndSetChildDomain (4ms)
		EndReloadAssembly (755ms)
			LoadAssemblies (121ms)
			RebuildTransferFunctionScriptingTraits (0ms)
			SetupTypeCache (217ms)
			ReleaseScriptCaches (0ms)
			RebuildScriptCaches (62ms)
			SetupLoadedEditorAssemblies (299ms)
				LogAssemblyErrors (0ms)
				InitializePlatformSupportModulesInManaged (11ms)
				SetLoadedEditorAssemblies (0ms)
				RefreshPlugins (101ms)
				BeforeProcessingInitializeOnLoad (24ms)
				ProcessInitializeOnLoadAttributes (117ms)
				ProcessInitializeOnLoadMethodAttributes (45ms)
				AfterProcessingInitializeOnLoad (0ms)
				EditorAssembliesLoaded (0ms)
			ExecutionOrderSort2 (0ms)
			AwakeInstancesAfterBackupRestoration (0ms)
Platform modules already initialized, skipping
Registering precompiled user dll's ...
Registered in 0.048006 seconds.
Begin MonoManager ReloadAssembly
Native extension for WindowsStandalone target not found
Native extension for OSXStandalone target not found
Refreshing native plugins compatible for Editor in 73.82 ms, found 3 plugins.
Preloading 0 native plugins for Editor in 0.00 ms.
Mono: successfully reloaded assembly
- Completed reload, in  3.329 seconds
Domain Reload Profiling:
	ReloadAssembly (3331ms)
		BeginReloadAssembly (237ms)
			ExecutionOrderSort (0ms)
			DisableScriptedObjects (8ms)
			BackupInstance (0ms)
			ReleaseScriptingObjects (0ms)
			CreateAndSetChildDomain (27ms)
		EndReloadAssembly (3023ms)
			LoadAssemblies (148ms)
			RebuildTransferFunctionScriptingTraits (0ms)
			SetupTypeCache (451ms)
			ReleaseScriptCaches (1ms)
			RebuildScriptCaches (127ms)
			SetupLoadedEditorAssemblies (2094ms)
				LogAssemblyErrors (0ms)
				InitializePlatformSupportModulesInManaged (6ms)
				SetLoadedEditorAssemblies (0ms)
				RefreshPlugins (74ms)
				BeforeProcessingInitializeOnLoad (129ms)
				ProcessInitializeOnLoadAttributes (1867ms)
				ProcessInitializeOnLoadMethodAttributes (14ms)
				AfterProcessingInitializeOnLoad (3ms)
				EditorAssembliesLoaded (0ms)
			ExecutionOrderSort2 (0ms)
			AwakeInstancesAfterBackupRestoration (9ms)
Platform modules already initialized, skipping
========================================================================
Worker process is ready to serve import requests
Launched and connected shader compiler UnityShaderCompiler.exe after 0.14 seconds
Refreshing native plugins compatible for Editor in 1.37 ms, found 3 plugins.
Preloading 0 native plugins for Editor in 0.00 ms.
Unloading 2866 Unused Serialized files (Serialized files now loaded: 0)
System memory in use before: 131.9 MB.
System memory in use after: 128.0 MB.

Unloading 91 unused Assets to reduce memory usage. Loaded Objects now: 3233.
Total: 8.887200 ms (FindLiveObjects: 0.403300 ms CreateObjectMapping: 0.544100 ms MarkObjects: 4.692700 ms  DeleteObjects: 3.244900 ms)

AssetImportParameters requested are different than current active one (requested -> active):
  custom:framework-win-MediaFoundation: 216162199b28c13a410421893ffa2e32 -> 
  custom:video-decoder-ogg-theora: a1e56fd34408186e4bbccfd4996cb3dc -> 
  custom:container-muxer-webm: aa71ff27fc2769a1b78a27578f13a17b -> 
  custom:container-demuxer-webm: 4f35f7cbe854078d1ac9338744f61a02 -> 
  custom:container-demuxer-ogg: 62fdf1f143b41e24485cea50d1cbac27 -> 
  custom:video-encoder-webm-vp8: eb34c28f22e8b96e1ab97ce403110664 -> 
  custom:video-codec-MediaFoundation-h265: 746d11721c4dcdbdad8f713fa42b33f4 -> 
  custom:video-decoder-webm-vp8: 9c59270c3fd7afecdb556c50c9e8de78 -> 
  custom:audio-decoder-ogg-vorbis: bf7c407c2cedff20999df2af8eb42d56 -> 
  custom:audio-encoder-webm-vorbis: bf7c407c2cedff20999df2af8eb42d56 -> 
========================================================================
Received Import Request.
  path: Assets/Karting/Scripts
  artifactKey: Guid(be811868f362849ba9f53bd143281996) Importer(815301076,1909f56bfc062723c751e8b465ee728b)
Start importing Assets/Karting/Scripts using Guid(be811868f362849ba9f53bd143281996) Importer(815301076,1909f56bfc062723c751e8b465ee728b)  -> (artifact id: 'f961dc700b3dc737467549deaef5655a') in 0.011779 seconds 
  Import took 0.018074 seconds .

========================================================================
Received Import Request.
  Time since last request: 0.000409 seconds.
  path: Assets/Karting/Scripts/KartGame.asmdef
  artifactKey: Guid(a54b96d5ddd2c488aadb7e2cb0921b9b) Importer(815301076,1909f56bfc062723c751e8b465ee728b)
Start importing Assets/Karting/Scripts/KartGame.asmdef using Guid(a54b96d5ddd2c488aadb7e2cb0921b9b) Importer(815301076,1909f56bfc062723c751e8b465ee728b)  -> (artifact id: '9e680e3bf9c4b1483fa486fb36a246a7') in 0.080842 seconds 
  Import took 0.097841 seconds .

========================================================================
Received Import Request.
  Time since last request: 24.706443 seconds.
  path: Assets/Karting/Scripts/Track
  artifactKey: Guid(9cbebfbc87f7af44eb71a816684dd0f4) Importer(815301076,1909f56bfc062723c751e8b465ee728b)
Start importing Assets/Karting/Scripts/Track using Guid(9cbebfbc87f7af44eb71a816684dd0f4) Importer(815301076,1909f56bfc062723c751e8b465ee728b)  -> (artifact id: '32f559f8f6328a7c0d7a08ac4dcd5be9') in 0.013221 seconds 
  Import took 0.018948 seconds .

========================================================================
Received Import Request.
  Time since last request: 2.158208 seconds.
  path: Assets/Karting/Scripts/UI
  artifactKey: Guid(0294f59cceb019b43953bcfa7d10dfb8) Importer(815301076,1909f56bfc062723c751e8b465ee728b)
Start importing Assets/Karting/Scripts/UI using Guid(0294f59cceb019b43953bcfa7d10dfb8) Importer(815301076,1909f56bfc062723c751e8b465ee728b)  -> (artifact id: '110cb1306408f811b58a043b29b5682f') in 0.014260 seconds 
  Import took 0.020602 seconds .

========================================================================
Received Import Request.
  Time since last request: 2.413159 seconds.
  path: Assets/Karting/Scripts/Utilities
  artifactKey: Guid(4c9ad4561c553a147bf8fc3b00164ff0) Importer(815301076,1909f56bfc062723c751e8b465ee728b)
Start importing Assets/Karting/Scripts/Utilities using Guid(4c9ad4561c553a147bf8fc3b00164ff0) Importer(815301076,1909f56bfc062723c751e8b465ee728b)  -> (artifact id: 'f3d49508b20798a3e19aebfc6a41bdd4') in 0.017739 seconds 
  Import took 0.024807 seconds .

========================================================================
Received Import Request.
  Time since last request: 1.825000 seconds.
  path: Assets/Karting/Scripts/Utilities/AudioUtility.cs
  artifactKey: Guid(b4940d922b729e64091b72854e008d47) Importer(815301076,1909f56bfc062723c751e8b465ee728b)
Start importing Assets/Karting/Scripts/Utilities/AudioUtility.cs using Guid(b4940d922b729e64091b72854e008d47) Importer(815301076,1909f56bfc062723c751e8b465ee728b)  -> (artifact id: '7cf8c5978a5b81d306330ee2cafb8962') in 0.015714 seconds 
  Import took 0.023178 seconds .

========================================================================
Received Import Request.
  Time since last request: 888.652507 seconds.
  path: Assets/Karting/Scripts/KartSystems
  artifactKey: Guid(aca815be79b22ef46ada315cf36b0e61) Importer(815301076,1909f56bfc062723c751e8b465ee728b)
Start importing Assets/Karting/Scripts/KartSystems using Guid(aca815be79b22ef46ada315cf36b0e61) Importer(815301076,1909f56bfc062723c751e8b465ee728b)  -> (artifact id: 'd943aa274e8cf65a3c827204de156b91') in 0.020910 seconds 
  Import took 0.028199 seconds .

========================================================================
Received Import Request.
  Time since last request: 1.794113 seconds.
  path: Assets/Karting/Scripts/KartSystems/KartAudio
  artifactKey: Guid(ea767585e95c8c045b40ccf97c630adc) Importer(815301076,1909f56bfc062723c751e8b465ee728b)
Start importing Assets/Karting/Scripts/KartSystems/KartAudio using Guid(ea767585e95c8c045b40ccf97c630adc) Importer(815301076,1909f56bfc062723c751e8b465ee728b)  -> (artifact id: '121b09f50f3b8668220252686c7444be') in 0.013647 seconds 
  Import took 0.019828 seconds .

========================================================================
Received Import Request.
  Time since last request: 0.902713 seconds.
  path: Assets/Karting/Scripts/KartSystems/KartAudio/ArcadeEngineAudio.cs
  artifactKey: Guid(b89c56c8416934ca890956c349423cc8) Importer(815301076,1909f56bfc062723c751e8b465ee728b)
Start importing Assets/Karting/Scripts/KartSystems/KartAudio/ArcadeEngineAudio.cs using Guid(b89c56c8416934ca890956c349423cc8) Importer(815301076,1909f56bfc062723c751e8b465ee728b)  -> (artifact id: '34f16212cfaede1bc12c68c88c44dec7') in 0.009424 seconds 
  Import took 0.014150 seconds .

========================================================================
Received Import Request.
  Time since last request: 3.531929 seconds.
  path: Assets/Karting/Scripts/KartSystems/KartAudio/EngineAudio.cs
  artifactKey: Guid(5a8d3b9b9ede9455fb5b3aa0b44ed515) Importer(815301076,1909f56bfc062723c751e8b465ee728b)
Start importing Assets/Karting/Scripts/KartSystems/KartAudio/EngineAudio.cs using Guid(5a8d3b9b9ede9455fb5b3aa0b44ed515) Importer(815301076,1909f56bfc062723c751e8b465ee728b)  -> (artifact id: '9ec7c4888954b7bcf470a824051b39f3') in 0.006967 seconds 
  Import took 0.013839 seconds .

========================================================================
Received Import Request.
  Time since last request: 0.741184 seconds.
  path: Assets/Karting/Scripts/KartSystems/KartAudio/EngineAudio.Stroke.cs
  artifactKey: Guid(0640bbd2b878a4d168505f3ed4c32fd4) Importer(815301076,1909f56bfc062723c751e8b465ee728b)
Start importing Assets/Karting/Scripts/KartSystems/KartAudio/EngineAudio.Stroke.cs using Guid(0640bbd2b878a4d168505f3ed4c32fd4) Importer(815301076,1909f56bfc062723c751e8b465ee728b)  -> (artifact id: '08ca7ee45613decf4cdc915435ce8b73') in 0.009417 seconds 
  Import took 0.017534 seconds .

AssetImportWorkerClient::OnTransportError - code=2 error=End of file
